C:\Program Files (x86)\MSBuild\Microsoft.Cpp\v4.0\V110\Microsoft.CppBuild.targets(346,5): warning MSB8004: Output Directory does not end with a trailing slash.  This build instance will add the slash as it is required to allow proper evaluation of the Output Directory.
  StarClient.cpp
z:\documents\___star\starclient\coreengine\include\startype.h(39): warning C4083: expected '('; found identifier 'disable'
z:\documents\___star\starclient\coreengine\include\startype.h(143): warning C4081: expected 'newline'; found ';'
z:\documents\___star\starclient\coreengine\include\startype.h(144): warning C4081: expected 'newline'; found ';'
z:\documents\___star\starclient\coreengine\include\starprotocol.h(166): warning C4081: expected 'identifier'; found '-'
z:\documents\___star\starclient\coreengine\include\starprotocol.h(167): warning C4068: unknown pragma
z:\documents\___star\starclient\coreengine\include\starprotocol.h(168): warning C4081: expected 'identifier'; found '-'
z:\documents\___star\starclient\coreengine\include\starprotocol.h(177): warning C4068: unknown pragma
z:\documents\___star\starclient\coreengine\src\starclient.cpp(131): warning C4005: 'INVALID_SOCKET' : macro redefinition
          c:\program files (x86)\windows kits\8.0\include\um\winsock2.h(380) : see previous definition of 'INVALID_SOCKET'
z:\documents\___star\starclient\coreengine\src\starclient.cpp(281): warning C4018: '<' : signed/unsigned mismatch
z:\documents\___star\starclient\coreengine\src\starclient.cpp(296): warning C4018: '<' : signed/unsigned mismatch
z:\documents\___star\starclient\coreengine\src\starclient.cpp(404): warning C4018: '>' : signed/unsigned mismatch
z:\documents\___star\starclient\coreengine\src\starclient.cpp(481): warning C4996: 'sprintf': This function or variable may be unsafe. Consider using sprintf_s instead. To disable deprecation, use _CRT_SECURE_NO_WARNINGS. See online help for details.
          c:\program files (x86)\microsoft visual studio 11.0\vc\include\stdio.h(357) : see declaration of 'sprintf'
z:\documents\___star\starclient\coreengine\src\starclient.cpp(591): warning C4018: '<=' : signed/unsigned mismatch
z:\documents\___star\starclient\coreengine\src\starclient.cpp(594): warning C4018: '<=' : signed/unsigned mismatch
z:\documents\___star\starclient\coreengine\src\starclient.cpp(598): warning C4018: '<=' : signed/unsigned mismatch
z:\documents\___star\starclient\coreengine\src\starclient.cpp(602): warning C4018: '<=' : signed/unsigned mismatch
z:\documents\___star\starclient\coreengine\src\starclient.cpp(813): warning C4018: '>' : signed/unsigned mismatch
z:\documents\___star\starclient\coreengine\src\starclient.cpp(1371): warning C4068: unknown pragma
z:\documents\___star\starclient\coreengine\src\starclient.cpp(1372): warning C4068: unknown pragma
z:\documents\___star\starclient\coreengine\src\starclient.cpp(1373): warning C4068: unknown pragma
z:\documents\___star\starclient\coreengine\src\starclient.cpp(1709): warning C4068: unknown pragma
z:\documents\___star\starclient\coreengine\src\starclient.cpp(1710): warning C4068: unknown pragma
z:\documents\___star\starclient\coreengine\src\starclient.cpp(1711): warning C4068: unknown pragma
z:\documents\___star\starclient\coreengine\src\starclient.cpp(1429): warning C4700: uninitialized local variable 'readSize' used
  StarWin.vcxproj -> Z:\Documents\___STAR\StarClient\StarWin\..\Build\Products\Debug\x86\StarWin.dll
