Z:\DOCUMENTS\___NEWSTAR\STARWIN\STARWIN\DEBUG\VC110.PDB
\\VMWARE-HOST\SHARED FOLDERS\DOCUMENTS\___STAR\STARCLIENT\STARWIN\STARWIN\DEBUG\STARCLIENT.OBJ
\\VMWARE-HOST\SHARED FOLDERS\DOCUMENTS\___STAR\STARCLIENT\STARWIN\STARWIN\DEBUG\STARMATH.OBJ
\\VMWARE-HOST\SHARED FOLDERS\DOCUMENTS\___STAR\STARCLIENT\STARWIN\STARWIN\DEBUG\STARMEM.OBJ
\\VMWARE-HOST\SHARED FOLDERS\DOCUMENTS\___STAR\STARCLIENT\STARWIN\STARWIN\DEBUG\STARNET.OBJ
\\VMWARE-HOST\SHARED FOLDERS\DOCUMENTS\___STAR\STARCLIENT\STARWIN\STARWIN\DEBUG\STARSYSTEM.OBJ
\\VMWARE-HOST\SHARED FOLDERS\DOCUMENTS\___STAR\STARCLIENT\STARWIN\STARWIN\DEBUG\VC110.PDB
Z:\DOCUMENTS\___NEWSTAR\BUILD\PRODUCTS\DEBUG\X86\STARWIN.PDB
\\VMWARE-HOST\SHARED FOLDERS\DOCUMENTS\___STAR\STARCLIENT\BUILD\PRODUCTS\DEBUG\X86\STARWIN.PDB
\\VMWARE-HOST\SHARED FOLDERS\DOCUMENTS\___STAR\STARCLIENT\BUILD\PRODUCTS\DEBUG\X86\STARWIN.ILK
\\VMWARE-HOST\SHARED FOLDERS\DOCUMENTS\___STAR\STARCLIENT\BUILD\PRODUCTS\DEBUG\X86\STARWIN.DLL
Z:\Documents\___NewStar\StarWin\Debug\StarWin.lib
Z:\Documents\___NewStar\StarWin\Debug\StarWin.exp
Z:\Documents\___NewStar\Build\Products\Debug\x86\StarWin.lib
Z:\Documents\___NewStar\Build\Products\Debug\x86\StarWin.exp
\\vmware-host\Shared Folders\Documents\___STAR\StarClient\Build\Products\Debug\x86\StarWin.lib
\\vmware-host\Shared Folders\Documents\___STAR\StarClient\Build\Products\Debug\x86\StarWin.exp
\\vmware-host\Shared Folders\Documents\___STAR\StarClient\StarWin\StarWin\Debug\StarClient.obj
\\vmware-host\Shared Folders\Documents\___STAR\StarClient\StarWin\StarWin\Debug\StarMath.obj
\\vmware-host\Shared Folders\Documents\___STAR\StarClient\StarWin\StarWin\Debug\StarMEM.obj
\\vmware-host\Shared Folders\Documents\___STAR\StarClient\StarWin\StarWin\Debug\StarNet.obj
\\vmware-host\Shared Folders\Documents\___STAR\StarClient\StarWin\StarWin\Debug\StarSystem.obj
\\vmware-host\Shared Folders\Documents\___STAR\StarClient\StarWin\StarWin\Debug\cl.command.1.tlog
\\vmware-host\Shared Folders\Documents\___STAR\StarClient\StarWin\StarWin\Debug\CL.read.1.tlog
\\vmware-host\Shared Folders\Documents\___STAR\StarClient\StarWin\StarWin\Debug\CL.write.1.tlog
\\vmware-host\Shared Folders\Documents\___STAR\StarClient\StarWin\StarWin\Debug\link-cvtres.read.1.tlog
\\vmware-host\Shared Folders\Documents\___STAR\StarClient\StarWin\StarWin\Debug\link-cvtres.write.1.tlog
\\vmware-host\Shared Folders\Documents\___STAR\StarClient\StarWin\StarWin\Debug\link-rc.read.1.tlog
\\vmware-host\Shared Folders\Documents\___STAR\StarClient\StarWin\StarWin\Debug\link-rc.write.1.tlog
\\vmware-host\Shared Folders\Documents\___STAR\StarClient\StarWin\StarWin\Debug\link.command.1.tlog
\\vmware-host\Shared Folders\Documents\___STAR\StarClient\StarWin\StarWin\Debug\link.read.1.tlog
\\vmware-host\Shared Folders\Documents\___STAR\StarClient\StarWin\StarWin\Debug\link.write.1.tlog
\\vmware-host\Shared Folders\Documents\___STAR\StarClient\StarWin\StarWin\Debug\StarWin.write.1.tlog
\\vmware-host\Shared Folders\Documents\___STAR\StarClient\StarWin\StarWin\Debug\vc110.idb
\\vmware-host\Shared Folders\Documents\___STAR\StarClient\StarWin\StarWin\Debug\vc110.pdb
\\vmware-host\Shared Folders\Documents\___STAR\StarClient\StarWin\..\Build\Products\Debug\x86\StarWin.pdb
\\vmware-host\Shared Folders\Documents\___STAR\StarClient\StarWin\..\Build\Products\Debug\x86\StarWin.dll
\\vmware-host\Shared Folders\Documents\___STAR\StarClient\StarWin\..\Build\Products\Debug\x86\StarWin.ilk
