C:\Program Files (x86)\MSBuild\Microsoft.Cpp\v4.0\V110\Microsoft.CppBuild.targets(346,5): warning MSB8004: Output Directory does not end with a trailing slash.  This build instance will add the slash as it is required to allow proper evaluation of the Output Directory.
  StarClient.cpp
z:\documents\___star\starclient\coreengine\include\StarType.h(39): warning C4083: expected '('; found identifier 'disable'
z:\documents\___star\starclient\coreengine\include\StarType.h(143): warning C4081: expected 'newline'; found ';'
z:\documents\___star\starclient\coreengine\include\StarType.h(144): warning C4081: expected 'newline'; found ';'
z:\documents\___star\starclient\coreengine\include\StarProtocol.h(166): warning C4081: expected 'identifier'; found '-'
z:\documents\___star\starclient\coreengine\include\StarProtocol.h(167): warning C4068: unknown pragma
z:\documents\___star\starclient\coreengine\include\StarProtocol.h(168): warning C4081: expected 'identifier'; found '-'
z:\documents\___star\starclient\coreengine\include\StarProtocol.h(177): warning C4068: unknown pragma
..\..\CoreEngine\src\StarClient.cpp(131): warning C4005: 'INVALID_SOCKET' : macro redefinition
          C:\Program Files (x86)\Windows Kits\8.0\Include\um\WinSock2.h(380) : see previous definition of 'INVALID_SOCKET'
..\..\CoreEngine\src\StarClient.cpp(285): warning C4267: 'argument' : conversion from 'size_t' to 'int', possible loss of data
..\..\CoreEngine\src\StarClient.cpp(301): warning C4267: 'argument' : conversion from 'size_t' to 'int', possible loss of data
..\..\CoreEngine\src\StarClient.cpp(306): warning C4267: 'argument' : conversion from 'size_t' to 'int', possible loss of data
..\..\CoreEngine\src\StarClient.cpp(404): warning C4018: '>' : signed/unsigned mismatch
..\..\CoreEngine\src\StarClient.cpp(481): warning C4996: 'sprintf': This function or variable may be unsafe. Consider using sprintf_s instead. To disable deprecation, use _CRT_SECURE_NO_WARNINGS. See online help for details.
          C:\Program Files (x86)\Microsoft Visual Studio 11.0\VC\include\stdio.h(357) : see declaration of 'sprintf'
..\..\CoreEngine\src\StarClient.cpp(591): warning C4018: '<=' : signed/unsigned mismatch
..\..\CoreEngine\src\StarClient.cpp(594): warning C4018: '<=' : signed/unsigned mismatch
..\..\CoreEngine\src\StarClient.cpp(598): warning C4018: '<=' : signed/unsigned mismatch
..\..\CoreEngine\src\StarClient.cpp(602): warning C4018: '<=' : signed/unsigned mismatch
..\..\CoreEngine\src\StarClient.cpp(717): warning C4267: '+=' : conversion from 'size_t' to 'u32', possible loss of data
..\..\CoreEngine\src\StarClient.cpp(813): warning C4018: '>' : signed/unsigned mismatch
..\..\CoreEngine\src\StarClient.cpp(1145): warning C4244: 'argument' : conversion from 'SOCKET' to 'int', possible loss of data
..\..\CoreEngine\src\StarClient.cpp(1371): warning C4068: unknown pragma
..\..\CoreEngine\src\StarClient.cpp(1372): warning C4068: unknown pragma
..\..\CoreEngine\src\StarClient.cpp(1373): warning C4068: unknown pragma
..\..\CoreEngine\src\StarClient.cpp(1596): warning C4244: 'initializing' : conversion from 'SOCKET' to 'int', possible loss of data
..\..\CoreEngine\src\StarClient.cpp(1709): warning C4068: unknown pragma
..\..\CoreEngine\src\StarClient.cpp(1710): warning C4068: unknown pragma
..\..\CoreEngine\src\StarClient.cpp(1711): warning C4068: unknown pragma
z:\documents\___star\starclient\coreengine\src\starclient.cpp(1429): warning C4700: uninitialized local variable 'readSize' used
  StarWin.vcxproj -> Z:\Documents\___STAR\StarClient\StarWin\..\Build\Products\Debug\x86_64\StarWin.dll
