\\VMWARE-HOST\SHARED FOLDERS\DOCUMENTS\___STAR\STARCLIENT\STARWIN\STARWIN\X64\DEBUG\STARCLIENT.OBJ
\\VMWARE-HOST\SHARED FOLDERS\DOCUMENTS\___STAR\STARCLIENT\STARWIN\STARWIN\X64\DEBUG\STARMATH.OBJ
\\VMWARE-HOST\SHARED FOLDERS\DOCUMENTS\___STAR\STARCLIENT\STARWIN\STARWIN\X64\DEBUG\STARMEM.OBJ
\\VMWARE-HOST\SHARED FOLDERS\DOCUMENTS\___STAR\STARCLIENT\STARWIN\STARWIN\X64\DEBUG\STARNET.OBJ
\\VMWARE-HOST\SHARED FOLDERS\DOCUMENTS\___STAR\STARCLIENT\STARWIN\STARWIN\X64\DEBUG\STARSYSTEM.OBJ
\\VMWARE-HOST\SHARED FOLDERS\DOCUMENTS\___STAR\STARCLIENT\STARWIN\STARWIN\X64\DEBUG\VC110.PDB
\\VMWARE-HOST\SHARED FOLDERS\DOCUMENTS\___STAR\STARCLIENT\BUILD\PRODUCTS\DEBUG\X86_64\STARWIN.PDB
\\vmware-host\Shared Folders\Documents\___STAR\StarClient\Build\Products\Debug\x86_64\StarWin.lib
\\vmware-host\Shared Folders\Documents\___STAR\StarClient\Build\Products\Debug\x86_64\StarWin.exp
\\vmware-host\Shared Folders\Documents\___STAR\StarClient\StarWin\StarWin\x64\Debug\StarClient.obj
\\vmware-host\Shared Folders\Documents\___STAR\StarClient\StarWin\StarWin\x64\Debug\StarMath.obj
\\vmware-host\Shared Folders\Documents\___STAR\StarClient\StarWin\StarWin\x64\Debug\StarMEM.obj
\\vmware-host\Shared Folders\Documents\___STAR\StarClient\StarWin\StarWin\x64\Debug\StarNet.obj
\\vmware-host\Shared Folders\Documents\___STAR\StarClient\StarWin\StarWin\x64\Debug\StarSystem.obj
\\vmware-host\Shared Folders\Documents\___STAR\StarClient\StarWin\StarWin\x64\Debug\cl.command.1.tlog
\\vmware-host\Shared Folders\Documents\___STAR\StarClient\StarWin\StarWin\x64\Debug\CL.read.1.tlog
\\vmware-host\Shared Folders\Documents\___STAR\StarClient\StarWin\StarWin\x64\Debug\CL.write.1.tlog
\\vmware-host\Shared Folders\Documents\___STAR\StarClient\StarWin\StarWin\x64\Debug\link-cvtres.read.1.tlog
\\vmware-host\Shared Folders\Documents\___STAR\StarClient\StarWin\StarWin\x64\Debug\link-cvtres.write.1.tlog
\\vmware-host\Shared Folders\Documents\___STAR\StarClient\StarWin\StarWin\x64\Debug\link-rc.read.1.tlog
\\vmware-host\Shared Folders\Documents\___STAR\StarClient\StarWin\StarWin\x64\Debug\link-rc.write.1.tlog
\\vmware-host\Shared Folders\Documents\___STAR\StarClient\StarWin\StarWin\x64\Debug\link.command.1.tlog
\\vmware-host\Shared Folders\Documents\___STAR\StarClient\StarWin\StarWin\x64\Debug\link.read.1.tlog
\\vmware-host\Shared Folders\Documents\___STAR\StarClient\StarWin\StarWin\x64\Debug\link.write.1.tlog
\\vmware-host\Shared Folders\Documents\___STAR\StarClient\StarWin\StarWin\x64\Debug\StarWin.write.1.tlog
\\vmware-host\Shared Folders\Documents\___STAR\StarClient\StarWin\StarWin\x64\Debug\vc110.idb
\\vmware-host\Shared Folders\Documents\___STAR\StarClient\StarWin\StarWin\x64\Debug\vc110.pdb
\\vmware-host\Shared Folders\Documents\___STAR\StarClient\StarWin\..\Build\Products\Debug\x86_64\StarWin.pdb
\\vmware-host\Shared Folders\Documents\___STAR\StarClient\StarWin\..\Build\Products\Debug\x86_64\StarWin.dll
\\vmware-host\Shared Folders\Documents\___STAR\StarClient\StarWin\..\Build\Products\Debug\x86_64\StarWin.ilk
